# JRE version: Java(TM) SE Runtime Environment (7.0_75-b13) (build 1.7.0_75-b13)
# Java VM: Java HotSpot(TM) 64-Bit Server VM (24.75-b04 mixed mode linux-amd64 compressed oops)
Heap
 PSYoungGen      total 165376K, used 36824K [0x00000000f5500000, 0x00000000ffe00000, 0x0000000100000000)
  eden space 157696K, 23% used [0x00000000f5500000,0x00000000f78f6320,0x00000000fef00000)
  from space 7680K, 0% used [0x00000000ff680000,0x00000000ff680000,0x00000000ffe00000)
  to   space 7680K, 0% used [0x00000000fef00000,0x00000000fef00000,0x00000000ff680000)
 ParOldGen       total 252416K, used 212683K [0x00000000e0000000, 0x00000000ef680000, 0x00000000f5500000)
  object space 252416K, 84% used [0x00000000e0000000,0x00000000ecfb2d98,0x00000000ef680000)
 PSPermGen       total 52736K, used 26253K [0x00000000dae00000, 0x00000000de180000, 0x00000000e0000000)
  object space 52736K, 49% used [0x00000000dae00000,0x00000000dc7a3728,0x00000000de180000)
GC Heap History (10 events):
Event: 3,327 GC heap before
{Heap before GC invocations=7 (full 0):
 PSYoungGen      total 54784K, used 53788K [0x00000000f5500000, 0x00000000f9000000, 0x0000000100000000)
  eden space 49152K, 100% used [0x00000000f5500000,0x00000000f8500000,0x00000000f8500000)
  from space 5632K, 82% used [0x00000000f8a80000,0x00000000f8f071a8,0x00000000f9000000)
  to   space 5632K, 0% used [0x00000000f8500000,0x00000000f8500000,0x00000000f8a80000)
 ParOldGen       total 31744K, used 7947K [0x00000000e0000000, 0x00000000e1f00000, 0x00000000f5500000)
  object space 31744K, 25% used [0x00000000e0000000,0x00000000e07c2ff0,0x00000000e1f00000)
 PSPermGen       total 21504K, used 20965K [0x00000000dae00000, 0x00000000dc300000, 0x00000000e0000000)
  object space 21504K, 97% used [0x00000000dae00000,0x00000000dc2797e0,0x00000000dc300000)
Event: 3,339 GC heap after
Heap after GC invocations=7 (full 0):
 PSYoungGen      total 54784K, used 5628K [0x00000000f5500000, 0x00000000fc300000, 0x0000000100000000)
  eden space 49152K, 0% used [0x00000000f5500000,0x00000000f5500000,0x00000000f8500000)
  from space 5632K, 99% used [0x00000000f8500000,0x00000000f8a7f248,0x00000000f8a80000)
  to   space 7168K, 0% used [0x00000000fbc00000,0x00000000fbc00000,0x00000000fc300000)
 ParOldGen       total 31744K, used 9141K [0x00000000e0000000, 0x00000000e1f00000, 0x00000000f5500000)
  object space 31744K, 28% used [0x00000000e0000000,0x00000000e08ed520,0x00000000e1f00000)
 PSPermGen       total 21504K, used 20965K [0x00000000dae00000, 0x00000000dc300000, 0x00000000e0000000)
  object space 21504K, 97% used [0x00000000dae00000,0x00000000dc2797e0,0x00000000dc300000)
}
Event: 4,465 GC heap before
{Heap before GC invocations=8 (full 0):
 PSYoungGen      total 54784K, used 54780K [0x00000000f5500000, 0x00000000fc300000, 0x0000000100000000)
  eden space 49152K, 100% used [0x00000000f5500000,0x00000000f8500000,0x00000000f8500000)
  from space 5632K, 99% used [0x00000000f8500000,0x00000000f8a7f248,0x00000000f8a80000)
  to   space 7168K, 0% used [0x00000000fbc00000,0x00000000fbc00000,0x00000000fc300000)
 ParOldGen       total 31744K, used 9141K [0x00000000e0000000, 0x00000000e1f00000, 0x00000000f5500000)
  object space 31744K, 28% used [0x00000000e0000000,0x00000000e08ed520,0x00000000e1f00000)
 PSPermGen       total 24064K, used 23917K [0x00000000dae00000, 0x00000000dc580000, 0x00000000e0000000)
  object space 24064K, 99% used [0x00000000dae00000,0x00000000dc55b4e8,0x00000000dc580000)
Event: 4,483 GC heap after
Heap after GC invocations=8 (full 0):
 PSYoungGen      total 105472K, used 4972K [0x00000000f5500000, 0x00000000fc300000, 0x0000000100000000)
  eden space 98304K, 0% used [0x00000000f5500000,0x00000000f5500000,0x00000000fb500000)
  from space 7168K, 69% used [0x00000000fbc00000,0x00000000fc0db230,0x00000000fc300000)
  to   space 7168K, 0% used [0x00000000fb500000,0x00000000fb500000,0x00000000fbc00000)
 ParOldGen       total 31744K, used 9529K [0x00000000e0000000, 0x00000000e1f00000, 0x00000000f5500000)
  object space 31744K, 30% used [0x00000000e0000000,0x00000000e094e530,0x00000000e1f00000)
 PSPermGen       total 24064K, used 23917K [0x00000000dae00000, 0x00000000dc580000, 0x00000000e0000000)
  object space 24064K, 99% used [0x00000000dae00000,0x00000000dc55b4e8,0x00000000dc580000)
}
Event: 5,554 GC heap before
{Heap before GC invocations=9 (full 0):
 PSYoungGen      total 105472K, used 102750K [0x00000000f5500000, 0x00000000fc300000, 0x0000000100000000)
  eden space 98304K, 99% used [0x00000000f5500000,0x00000000fb47c910,0x00000000fb500000)
  from space 7168K, 69% used [0x00000000fbc00000,0x00000000fc0db230,0x00000000fc300000)
  to   space 7168K, 0% used [0x00000000fb500000,0x00000000fb500000,0x00000000fbc00000)
 ParOldGen       total 237056K, used 214329K [0x00000000e0000000, 0x00000000ee780000, 0x00000000f5500000)
  object space 237056K, 90% used [0x00000000e0000000,0x00000000ed14e540,0x00000000ee780000)
 PSPermGen       total 25088K, used 24916K [0x00000000dae00000, 0x00000000dc680000, 0x00000000e0000000)
  object space 25088K, 99% used [0x00000000dae00000,0x00000000dc655348,0x00000000dc680000)
Event: 5,580 GC heap after
Heap after GC invocations=9 (full 0):
 PSYoungGen      total 105472K, used 6901K [0x00000000f5500000, 0x00000000ffe00000, 0x0000000100000000)
  eden space 98304K, 0% used [0x00000000f5500000,0x00000000f5500000,0x00000000fb500000)
  from space 7168K, 96% used [0x00000000fb500000,0x00000000fbbbd5c0,0x00000000fbc00000)
  to   space 7680K, 0% used [0x00000000ff680000,0x00000000ff680000,0x00000000ffe00000)
 ParOldGen       total 237056K, used 215207K [0x00000000e0000000, 0x00000000ee780000, 0x00000000f5500000)
  object space 237056K, 90% used [0x00000000e0000000,0x00000000ed229d60,0x00000000ee780000)
 PSPermGen       total 25088K, used 24916K [0x00000000dae00000, 0x00000000dc680000, 0x00000000e0000000)
  object space 25088K, 99% used [0x00000000dae00000,0x00000000dc655348,0x00000000dc680000)
}
Event: 6,792 GC heap before
{Heap before GC invocations=10 (full 0):
 PSYoungGen      total 105472K, used 105205K [0x00000000f5500000, 0x00000000ffe00000, 0x0000000100000000)
  eden space 98304K, 100% used [0x00000000f5500000,0x00000000fb500000,0x00000000fb500000)
  from space 7168K, 96% used [0x00000000fb500000,0x00000000fbbbd5c0,0x00000000fbc00000)
  to   space 7680K, 0% used [0x00000000ff680000,0x00000000ff680000,0x00000000ffe00000)
 ParOldGen       total 237056K, used 215207K [0x00000000e0000000, 0x00000000ee780000, 0x00000000f5500000)
  object space 237056K, 90% used [0x00000000e0000000,0x00000000ed229d60,0x00000000ee780000)
 PSPermGen       total 26624K, used 26190K [0x00000000dae00000, 0x00000000dc800000, 0x00000000e0000000)
  object space 26624K, 98% used [0x00000000dae00000,0x00000000dc793a08,0x00000000dc800000)
Event: 6,806 GC heap after
Heap after GC invocations=10 (full 0):
 PSYoungGen      total 165376K, used 3449K [0x00000000f5500000, 0x00000000ffe00000, 0x0000000100000000)
  eden space 157696K, 0% used [0x00000000f5500000,0x00000000f5500000,0x00000000fef00000)
  from space 7680K, 44% used [0x00000000ff680000,0x00000000ff9de620,0x00000000ffe00000)
  to   space 7680K, 0% used [0x00000000fef00000,0x00000000fef00000,0x00000000ff680000)
 ParOldGen       total 237056K, used 217065K [0x00000000e0000000, 0x00000000ee780000, 0x00000000f5500000)
  object space 237056K, 91% used [0x00000000e0000000,0x00000000ed3fa7f0,0x00000000ee780000)
 PSPermGen       total 26624K, used 26190K [0x00000000dae00000, 0x00000000dc800000, 0x00000000e0000000)
  object space 26624K, 98% used [0x00000000dae00000,0x00000000dc793a08,0x00000000dc800000)
}
Event: 6,806 GC heap before
{Heap before GC invocations=11 (full 1):
 PSYoungGen      total 165376K, used 3449K [0x00000000f5500000, 0x00000000ffe00000, 0x0000000100000000)
  eden space 157696K, 0% used [0x00000000f5500000,0x00000000f5500000,0x00000000fef00000)
  from space 7680K, 44% used [0x00000000ff680000,0x00000000ff9de620,0x00000000ffe00000)
  to   space 7680K, 0% used [0x00000000fef00000,0x00000000fef00000,0x00000000ff680000)
 ParOldGen       total 237056K, used 217065K [0x00000000e0000000, 0x00000000ee780000, 0x00000000f5500000)
  object space 237056K, 91% used [0x00000000e0000000,0x00000000ed3fa7f0,0x00000000ee780000)
 PSPermGen       total 26624K, used 26190K [0x00000000dae00000, 0x00000000dc800000, 0x00000000e0000000)
  object space 26624K, 98% used [0x00000000dae00000,0x00000000dc793a08,0x00000000dc800000)
Event: 6,936 GC heap after
Heap after GC invocations=11 (full 1):
 PSYoungGen      total 165376K, used 0K [0x00000000f5500000, 0x00000000ffe00000, 0x0000000100000000)
  eden space 157696K, 0% used [0x00000000f5500000,0x00000000f5500000,0x00000000fef00000)
  from space 7680K, 0% used [0x00000000ff680000,0x00000000ff680000,0x00000000ffe00000)
  to   space 7680K, 0% used [0x00000000fef00000,0x00000000fef00000,0x00000000ff680000)
 ParOldGen       total 47104K, used 7883K [0x00000000e0000000, 0x00000000e2e00000, 0x00000000f5500000)
  object space 47104K, 16% used [0x00000000e0000000,0x00000000e07b2d88,0x00000000e2e00000)
 PSPermGen       total 52736K, used 26174K [0x00000000dae00000, 0x00000000de180000, 0x00000000e0000000)
  object space 52736K, 49% used [0x00000000dae00000,0x00000000dc78f9c0,0x00000000de180000)
}

