# JRE version: Java(TM) SE Runtime Environment (7.0_75-b13) (build 1.7.0_75-b13)
# Java VM: Java HotSpot(TM) 64-Bit Server VM (24.75-b04 mixed mode linux-amd64 compressed oops)
Heap
 PSYoungGen      total 105472K, used 31851K [0x00000000f5500000, 0x00000000fc300000, 0x0000000100000000)
  eden space 98304K, 27% used [0x00000000f5500000,0x00000000f6f2fde8,0x00000000fb500000)
  from space 7168K, 70% used [0x00000000fbc00000,0x00000000fc0eb168,0x00000000fc300000)
  to   space 7168K, 0% used [0x00000000fb500000,0x00000000fb500000,0x00000000fbc00000)
 ParOldGen       total 237056K, used 214284K [0x00000000e0000000, 0x00000000ee780000, 0x00000000f5500000)
  object space 237056K, 90% used [0x00000000e0000000,0x00000000ed143138,0x00000000ee780000)
 PSPermGen       total 25088K, used 24866K [0x00000000dae00000, 0x00000000dc680000, 0x00000000e0000000)
  object space 25088K, 99% used [0x00000000dae00000,0x00000000dc648b78,0x00000000dc680000)
GC Heap History (10 events):
Event: 1,321 GC heap before
{Heap before GC invocations=4 (full 0):
 PSYoungGen      total 14336K, used 14334K [0x00000000f5500000, 0x00000000f7100000, 0x0000000100000000)
  eden space 12288K, 100% used [0x00000000f5500000,0x00000000f6100000,0x00000000f6100000)
  from space 2048K, 99% used [0x00000000f6100000,0x00000000f62ffa30,0x00000000f6300000)
  to   space 2048K, 0% used [0x00000000f6f00000,0x00000000f6f00000,0x00000000f7100000)
 ParOldGen       total 31744K, used 5213K [0x00000000e0000000, 0x00000000e1f00000, 0x00000000f5500000)
  object space 31744K, 16% used [0x00000000e0000000,0x00000000e05175c0,0x00000000e1f00000)
 PSPermGen       total 21504K, used 10100K [0x00000000dae00000, 0x00000000dc300000, 0x00000000e0000000)
  object space 21504K, 46% used [0x00000000dae00000,0x00000000db7dd0f8,0x00000000dc300000)
Event: 1,328 GC heap after
Heap after GC invocations=4 (full 0):
 PSYoungGen      total 26624K, used 2022K [0x00000000f5500000, 0x00000000f7100000, 0x0000000100000000)
  eden space 24576K, 0% used [0x00000000f5500000,0x00000000f5500000,0x00000000f6d00000)
  from space 2048K, 98% used [0x00000000f6f00000,0x00000000f70f9a70,0x00000000f7100000)
  to   space 2048K, 0% used [0x00000000f6d00000,0x00000000f6d00000,0x00000000f6f00000)
 ParOldGen       total 31744K, used 5708K [0x00000000e0000000, 0x00000000e1f00000, 0x00000000f5500000)
  object space 31744K, 17% used [0x00000000e0000000,0x00000000e0593100,0x00000000e1f00000)
 PSPermGen       total 21504K, used 10100K [0x00000000dae00000, 0x00000000dc300000, 0x00000000e0000000)
  object space 21504K, 46% used [0x00000000dae00000,0x00000000db7dd0f8,0x00000000dc300000)
}
Event: 2,184 GC heap before
{Heap before GC invocations=5 (full 0):
 PSYoungGen      total 26624K, used 26598K [0x00000000f5500000, 0x00000000f7100000, 0x0000000100000000)
  eden space 24576K, 100% used [0x00000000f5500000,0x00000000f6d00000,0x00000000f6d00000)
  from space 2048K, 98% used [0x00000000f6f00000,0x00000000f70f9a70,0x00000000f7100000)
  to   space 2048K, 0% used [0x00000000f6d00000,0x00000000f6d00000,0x00000000f6f00000)
 ParOldGen       total 31744K, used 5708K [0x00000000e0000000, 0x00000000e1f00000, 0x00000000f5500000)
  object space 31744K, 17% used [0x00000000e0000000,0x00000000e0593100,0x00000000e1f00000)
 PSPermGen       total 21504K, used 13446K [0x00000000dae00000, 0x00000000dc300000, 0x00000000e0000000)
  object space 21504K, 62% used [0x00000000dae00000,0x00000000dbb218b0,0x00000000dc300000)
Event: 2,200 GC heap after
Heap after GC invocations=5 (full 0):
 PSYoungGen      total 26624K, used 2016K [0x00000000f5500000, 0x00000000f9000000, 0x0000000100000000)
  eden space 24576K, 0% used [0x00000000f5500000,0x00000000f5500000,0x00000000f6d00000)
  from space 2048K, 98% used [0x00000000f6d00000,0x00000000f6ef8020,0x00000000f6f00000)
  to   space 5632K, 0% used [0x00000000f8a80000,0x00000000f8a80000,0x00000000f9000000)
 ParOldGen       total 31744K, used 7932K [0x00000000e0000000, 0x00000000e1f00000, 0x00000000f5500000)
  object space 31744K, 24% used [0x00000000e0000000,0x00000000e07bf120,0x00000000e1f00000)
 PSPermGen       total 21504K, used 13446K [0x00000000dae00000, 0x00000000dc300000, 0x00000000e0000000)
  object space 21504K, 62% used [0x00000000dae00000,0x00000000dbb218b0,0x00000000dc300000)
}
Event: 2,494 GC heap before
{Heap before GC invocations=6 (full 0):
 PSYoungGen      total 26624K, used 26592K [0x00000000f5500000, 0x00000000f9000000, 0x0000000100000000)
  eden space 24576K, 100% used [0x00000000f5500000,0x00000000f6d00000,0x00000000f6d00000)
  from space 2048K, 98% used [0x00000000f6d00000,0x00000000f6ef8020,0x00000000f6f00000)
  to   space 5632K, 0% used [0x00000000f8a80000,0x00000000f8a80000,0x00000000f9000000)
 ParOldGen       total 31744K, used 7932K [0x00000000e0000000, 0x00000000e1f00000, 0x00000000f5500000)
  object space 31744K, 24% used [0x00000000e0000000,0x00000000e07bf120,0x00000000e1f00000)
 PSPermGen       total 21504K, used 15984K [0x00000000dae00000, 0x00000000dc300000, 0x00000000e0000000)
  object space 21504K, 74% used [0x00000000dae00000,0x00000000dbd9c3b0,0x00000000dc300000)
Event: 2,507 GC heap after
Heap after GC invocations=6 (full 0):
 PSYoungGen      total 54784K, used 4572K [0x00000000f5500000, 0x00000000f9000000, 0x0000000100000000)
  eden space 49152K, 0% used [0x00000000f5500000,0x00000000f5500000,0x00000000f8500000)
  from space 5632K, 81% used [0x00000000f8a80000,0x00000000f8ef71a8,0x00000000f9000000)
  to   space 5632K, 0% used [0x00000000f8500000,0x00000000f8500000,0x00000000f8a80000)
 ParOldGen       total 31744K, used 7940K [0x00000000e0000000, 0x00000000e1f00000, 0x00000000f5500000)
  object space 31744K, 25% used [0x00000000e0000000,0x00000000e07c1120,0x00000000e1f00000)
 PSPermGen       total 21504K, used 15984K [0x00000000dae00000, 0x00000000dc300000, 0x00000000e0000000)
  object space 21504K, 74% used [0x00000000dae00000,0x00000000dbd9c3b0,0x00000000dc300000)
}
Event: 3,570 GC heap before
{Heap before GC invocations=7 (full 0):
 PSYoungGen      total 54784K, used 53682K [0x00000000f5500000, 0x00000000f9000000, 0x0000000100000000)
  eden space 49152K, 99% used [0x00000000f5500000,0x00000000f84f58c0,0x00000000f8500000)
  from space 5632K, 81% used [0x00000000f8a80000,0x00000000f8ef71a8,0x00000000f9000000)
  to   space 5632K, 0% used [0x00000000f8500000,0x00000000f8500000,0x00000000f8a80000)
 ParOldGen       total 31744K, used 7940K [0x00000000e0000000, 0x00000000e1f00000, 0x00000000f5500000)
  object space 31744K, 25% used [0x00000000e0000000,0x00000000e07c1120,0x00000000e1f00000)
 PSPermGen       total 21504K, used 20920K [0x00000000dae00000, 0x00000000dc300000, 0x00000000e0000000)
  object space 21504K, 97% used [0x00000000dae00000,0x00000000dc26e1f8,0x00000000dc300000)
Event: 3,593 GC heap after
Heap after GC invocations=7 (full 0):
 PSYoungGen      total 54784K, used 5619K [0x00000000f5500000, 0x00000000fc300000, 0x0000000100000000)
  eden space 49152K, 0% used [0x00000000f5500000,0x00000000f5500000,0x00000000f8500000)
  from space 5632K, 99% used [0x00000000f8500000,0x00000000f8a7cca0,0x00000000f8a80000)
  to   space 7168K, 0% used [0x00000000fbc00000,0x00000000fbc00000,0x00000000fc300000)
 ParOldGen       total 31744K, used 9128K [0x00000000e0000000, 0x00000000e1f00000, 0x00000000f5500000)
  object space 31744K, 28% used [0x00000000e0000000,0x00000000e08ea118,0x00000000e1f00000)
 PSPermGen       total 21504K, used 20920K [0x00000000dae00000, 0x00000000dc300000, 0x00000000e0000000)
  object space 21504K, 97% used [0x00000000dae00000,0x00000000dc26e1f8,0x00000000dc300000)
}
Event: 4,895 GC heap before
{Heap before GC invocations=8 (full 0):
 PSYoungGen      total 54784K, used 54771K [0x00000000f5500000, 0x00000000fc300000, 0x0000000100000000)
  eden space 49152K, 100% used [0x00000000f5500000,0x00000000f8500000,0x00000000f8500000)
  from space 5632K, 99% used [0x00000000f8500000,0x00000000f8a7cca0,0x00000000f8a80000)
  to   space 7168K, 0% used [0x00000000fbc00000,0x00000000fbc00000,0x00000000fc300000)
 ParOldGen       total 31744K, used 9128K [0x00000000e0000000, 0x00000000e1f00000, 0x00000000f5500000)
  object space 31744K, 28% used [0x00000000e0000000,0x00000000e08ea118,0x00000000e1f00000)
 PSPermGen       total 24064K, used 23913K [0x00000000dae00000, 0x00000000dc580000, 0x00000000e0000000)
  object space 24064K, 99% used [0x00000000dae00000,0x00000000dc55a4b0,0x00000000dc580000)
Event: 4,909 GC heap after
Heap after GC invocations=8 (full 0):
 PSYoungGen      total 105472K, used 5036K [0x00000000f5500000, 0x00000000fc300000, 0x0000000100000000)
  eden space 98304K, 0% used [0x00000000f5500000,0x00000000f5500000,0x00000000fb500000)
  from space 7168K, 70% used [0x00000000fbc00000,0x00000000fc0eb168,0x00000000fc300000)
  to   space 7168K, 0% used [0x00000000fb500000,0x00000000fb500000,0x00000000fbc00000)
 ParOldGen       total 31744K, used 9484K [0x00000000e0000000, 0x00000000e1f00000, 0x00000000f5500000)
  object space 31744K, 29% used [0x00000000e0000000,0x00000000e0943128,0x00000000e1f00000)
 PSPermGen       total 24064K, used 23913K [0x00000000dae00000, 0x00000000dc580000, 0x00000000e0000000)
  object space 24064K, 99% used [0x00000000dae00000,0x00000000dc55a4b0,0x00000000dc580000)
}

