# JRE version: Java(TM) SE Runtime Environment (7.0_75-b13) (build 1.7.0_75-b13)
# Java VM: Java HotSpot(TM) 64-Bit Server VM (24.75-b04 mixed mode linux-amd64 compressed oops)
Heap
 PSYoungGen      total 165376K, used 37944K [0x00000000f5500000, 0x00000000ffe00000, 0x0000000100000000)
  eden space 157696K, 24% used [0x00000000f5500000,0x00000000f7a0e2b8,0x00000000fef00000)
  from space 7680K, 0% used [0x00000000ff680000,0x00000000ff680000,0x00000000ffe00000)
  to   space 7680K, 0% used [0x00000000fef00000,0x00000000fef00000,0x00000000ff680000)
 ParOldGen       total 253440K, used 212673K [0x00000000e0000000, 0x00000000ef780000, 0x00000000f5500000)
  object space 253440K, 83% used [0x00000000e0000000,0x00000000ecfb0670,0x00000000ef780000)
 PSPermGen       total 52736K, used 26250K [0x00000000dae00000, 0x00000000de180000, 0x00000000e0000000)
  object space 52736K, 49% used [0x00000000dae00000,0x00000000dc7a2ad0,0x00000000de180000)
GC Heap History (10 events):
Event: 3,470 GC heap before
{Heap before GC invocations=7 (full 0):
 PSYoungGen      total 54784K, used 53732K [0x00000000f5500000, 0x00000000f9000000, 0x0000000100000000)
  eden space 49152K, 99% used [0x00000000f5500000,0x00000000f84f8628,0x00000000f8500000)
  from space 5632K, 81% used [0x00000000f8a80000,0x00000000f8f00c58,0x00000000f9000000)
  to   space 5632K, 0% used [0x00000000f8500000,0x00000000f8500000,0x00000000f8a80000)
 ParOldGen       total 31744K, used 8003K [0x00000000e0000000, 0x00000000e1f00000, 0x00000000f5500000)
  object space 31744K, 25% used [0x00000000e0000000,0x00000000e07d0de8,0x00000000e1f00000)
 PSPermGen       total 21504K, used 20965K [0x00000000dae00000, 0x00000000dc300000, 0x00000000e0000000)
  object space 21504K, 97% used [0x00000000dae00000,0x00000000dc2796c8,0x00000000dc300000)
Event: 3,483 GC heap after
Heap after GC invocations=7 (full 0):
 PSYoungGen      total 54784K, used 5630K [0x00000000f5500000, 0x00000000fc300000, 0x0000000100000000)
  eden space 49152K, 0% used [0x00000000f5500000,0x00000000f5500000,0x00000000f8500000)
  from space 5632K, 99% used [0x00000000f8500000,0x00000000f8a7f878,0x00000000f8a80000)
  to   space 7168K, 0% used [0x00000000fbc00000,0x00000000fbc00000,0x00000000fc300000)
 ParOldGen       total 31744K, used 9161K [0x00000000e0000000, 0x00000000e1f00000, 0x00000000f5500000)
  object space 31744K, 28% used [0x00000000e0000000,0x00000000e08f2460,0x00000000e1f00000)
 PSPermGen       total 21504K, used 20965K [0x00000000dae00000, 0x00000000dc300000, 0x00000000e0000000)
  object space 21504K, 97% used [0x00000000dae00000,0x00000000dc2796c8,0x00000000dc300000)
}
Event: 4,744 GC heap before
{Heap before GC invocations=8 (full 0):
 PSYoungGen      total 54784K, used 54782K [0x00000000f5500000, 0x00000000fc300000, 0x0000000100000000)
  eden space 49152K, 100% used [0x00000000f5500000,0x00000000f8500000,0x00000000f8500000)
  from space 5632K, 99% used [0x00000000f8500000,0x00000000f8a7f878,0x00000000f8a80000)
  to   space 7168K, 0% used [0x00000000fbc00000,0x00000000fbc00000,0x00000000fc300000)
 ParOldGen       total 31744K, used 9161K [0x00000000e0000000, 0x00000000e1f00000, 0x00000000f5500000)
  object space 31744K, 28% used [0x00000000e0000000,0x00000000e08f2460,0x00000000e1f00000)
 PSPermGen       total 24064K, used 23903K [0x00000000dae00000, 0x00000000dc580000, 0x00000000e0000000)
  object space 24064K, 99% used [0x00000000dae00000,0x00000000dc557f10,0x00000000dc580000)
Event: 4,759 GC heap after
Heap after GC invocations=8 (full 0):
 PSYoungGen      total 105472K, used 4965K [0x00000000f5500000, 0x00000000fc300000, 0x0000000100000000)
  eden space 98304K, 0% used [0x00000000f5500000,0x00000000f5500000,0x00000000fb500000)
  from space 7168K, 69% used [0x00000000fbc00000,0x00000000fc0d9480,0x00000000fc300000)
  to   space 7168K, 0% used [0x00000000fb500000,0x00000000fb500000,0x00000000fbc00000)
 ParOldGen       total 31744K, used 9537K [0x00000000e0000000, 0x00000000e1f00000, 0x00000000f5500000)
  object space 31744K, 30% used [0x00000000e0000000,0x00000000e0950460,0x00000000e1f00000)
 PSPermGen       total 24064K, used 23903K [0x00000000dae00000, 0x00000000dc580000, 0x00000000e0000000)
  object space 24064K, 99% used [0x00000000dae00000,0x00000000dc557f10,0x00000000dc580000)
}
Event: 5,612 GC heap before
{Heap before GC invocations=9 (full 0):
 PSYoungGen      total 105472K, used 102339K [0x00000000f5500000, 0x00000000fc300000, 0x0000000100000000)
  eden space 98304K, 99% used [0x00000000f5500000,0x00000000fb417a50,0x00000000fb500000)
  from space 7168K, 69% used [0x00000000fbc00000,0x00000000fc0d9480,0x00000000fc300000)
  to   space 7168K, 0% used [0x00000000fb500000,0x00000000fb500000,0x00000000fbc00000)
 ParOldGen       total 237056K, used 214337K [0x00000000e0000000, 0x00000000ee780000, 0x00000000f5500000)
  object space 237056K, 90% used [0x00000000e0000000,0x00000000ed150470,0x00000000ee780000)
 PSPermGen       total 25088K, used 24874K [0x00000000dae00000, 0x00000000dc680000, 0x00000000e0000000)
  object space 25088K, 99% used [0x00000000dae00000,0x00000000dc64a8a8,0x00000000dc680000)
Event: 5,630 GC heap after
Heap after GC invocations=9 (full 0):
 PSYoungGen      total 105472K, used 6856K [0x00000000f5500000, 0x00000000ffe00000, 0x0000000100000000)
  eden space 98304K, 0% used [0x00000000f5500000,0x00000000f5500000,0x00000000fb500000)
  from space 7168K, 95% used [0x00000000fb500000,0x00000000fbbb23c0,0x00000000fbc00000)
  to   space 7680K, 0% used [0x00000000ff680000,0x00000000ff680000,0x00000000ffe00000)
 ParOldGen       total 237056K, used 215121K [0x00000000e0000000, 0x00000000ee780000, 0x00000000f5500000)
  object space 237056K, 90% used [0x00000000e0000000,0x00000000ed214470,0x00000000ee780000)
 PSPermGen       total 25088K, used 24874K [0x00000000dae00000, 0x00000000dc680000, 0x00000000e0000000)
  object space 25088K, 99% used [0x00000000dae00000,0x00000000dc64a8a8,0x00000000dc680000)
}
Event: 7,116 GC heap before
{Heap before GC invocations=10 (full 0):
 PSYoungGen      total 105472K, used 105160K [0x00000000f5500000, 0x00000000ffe00000, 0x0000000100000000)
  eden space 98304K, 100% used [0x00000000f5500000,0x00000000fb500000,0x00000000fb500000)
  from space 7168K, 95% used [0x00000000fb500000,0x00000000fbbb23c0,0x00000000fbc00000)
  to   space 7680K, 0% used [0x00000000ff680000,0x00000000ff680000,0x00000000ffe00000)
 ParOldGen       total 237056K, used 215121K [0x00000000e0000000, 0x00000000ee780000, 0x00000000f5500000)
  object space 237056K, 90% used [0x00000000e0000000,0x00000000ed214470,0x00000000ee780000)
 PSPermGen       total 26624K, used 26190K [0x00000000dae00000, 0x00000000dc800000, 0x00000000e0000000)
  object space 26624K, 98% used [0x00000000dae00000,0x00000000dc793b08,0x00000000dc800000)
Event: 7,125 GC heap after
Heap after GC invocations=10 (full 0):
 PSYoungGen      total 165376K, used 3417K [0x00000000f5500000, 0x00000000ffe00000, 0x0000000100000000)
  eden space 157696K, 0% used [0x00000000f5500000,0x00000000f5500000,0x00000000fef00000)
  from space 7680K, 44% used [0x00000000ff680000,0x00000000ff9d6620,0x00000000ffe00000)
  to   space 7680K, 0% used [0x00000000fef00000,0x00000000fef00000,0x00000000ff680000)
 ParOldGen       total 237056K, used 216982K [0x00000000e0000000, 0x00000000ee780000, 0x00000000f5500000)
  object space 237056K, 91% used [0x00000000e0000000,0x00000000ed3e5930,0x00000000ee780000)
 PSPermGen       total 26624K, used 26190K [0x00000000dae00000, 0x00000000dc800000, 0x00000000e0000000)
  object space 26624K, 98% used [0x00000000dae00000,0x00000000dc793b08,0x00000000dc800000)
}
Event: 7,125 GC heap before
{Heap before GC invocations=11 (full 1):
 PSYoungGen      total 165376K, used 3417K [0x00000000f5500000, 0x00000000ffe00000, 0x0000000100000000)
  eden space 157696K, 0% used [0x00000000f5500000,0x00000000f5500000,0x00000000fef00000)
  from space 7680K, 44% used [0x00000000ff680000,0x00000000ff9d6620,0x00000000ffe00000)
  to   space 7680K, 0% used [0x00000000fef00000,0x00000000fef00000,0x00000000ff680000)
 ParOldGen       total 237056K, used 216982K [0x00000000e0000000, 0x00000000ee780000, 0x00000000f5500000)
  object space 237056K, 91% used [0x00000000e0000000,0x00000000ed3e5930,0x00000000ee780000)
 PSPermGen       total 26624K, used 26190K [0x00000000dae00000, 0x00000000dc800000, 0x00000000e0000000)
  object space 26624K, 98% used [0x00000000dae00000,0x00000000dc793b08,0x00000000dc800000)
Event: 7,235 GC heap after
Heap after GC invocations=11 (full 1):
 PSYoungGen      total 165376K, used 0K [0x00000000f5500000, 0x00000000ffe00000, 0x0000000100000000)
  eden space 157696K, 0% used [0x00000000f5500000,0x00000000f5500000,0x00000000fef00000)
  from space 7680K, 0% used [0x00000000ff680000,0x00000000ff680000,0x00000000ffe00000)
  to   space 7680K, 0% used [0x00000000fef00000,0x00000000fef00000,0x00000000ff680000)
 ParOldGen       total 48128K, used 7873K [0x00000000e0000000, 0x00000000e2f00000, 0x00000000f5500000)
  object space 48128K, 16% used [0x00000000e0000000,0x00000000e07b0660,0x00000000e2f00000)
 PSPermGen       total 52736K, used 26174K [0x00000000dae00000, 0x00000000de180000, 0x00000000e0000000)
  object space 52736K, 49% used [0x00000000dae00000,0x00000000dc78fae0,0x00000000de180000)
}

