# JRE version: Java(TM) SE Runtime Environment (7.0_75-b13) (build 1.7.0_75-b13)
# Java VM: Java HotSpot(TM) 64-Bit Server VM (24.75-b04 mixed mode linux-amd64 compressed oops)
Heap
 PSYoungGen      total 162304K, used 138886K [0x00000000f5500000, 0x0000000100000000, 0x0000000100000000)
  eden space 149504K, 92% used [0x00000000f5500000,0x00000000fdca1998,0x00000000fe700000)
  from space 12800K, 0% used [0x00000000ff380000,0x00000000ff380000,0x0000000100000000)
  to   space 12800K, 0% used [0x00000000fe700000,0x00000000fe700000,0x00000000ff380000)
 ParOldGen       total 300544K, used 218610K [0x00000000e0000000, 0x00000000f2580000, 0x00000000f5500000)
  object space 300544K, 72% used [0x00000000e0000000,0x00000000ed57cb50,0x00000000f2580000)
 PSPermGen       total 53248K, used 26422K [0x00000000dae00000, 0x00000000de200000, 0x00000000e0000000)
  object space 53248K, 49% used [0x00000000dae00000,0x00000000dc7cd908,0x00000000de200000)
GC Heap History (10 events):
Event: 45,698 GC heap before
{Heap before GC invocations=16 (full 2):
 PSYoungGen      total 162816K, used 162461K [0x00000000f5500000, 0x0000000100000000, 0x0000000100000000)
  eden space 152576K, 99% used [0x00000000f5500000,0x00000000fe9c6aa0,0x00000000fea00000)
  from space 10240K, 98% used [0x00000000fea00000,0x00000000ff3e0b20,0x00000000ff400000)
  to   space 12288K, 0% used [0x00000000ff400000,0x00000000ff400000,0x0000000100000000)
 ParOldGen       total 300544K, used 227681K [0x00000000e0000000, 0x00000000f2580000, 0x00000000f5500000)
  object space 300544K, 75% used [0x00000000e0000000,0x00000000ede58670,0x00000000f2580000)
 PSPermGen       total 56832K, used 26372K [0x00000000dae00000, 0x00000000de580000, 0x00000000e0000000)
  object space 56832K, 46% used [0x00000000dae00000,0x00000000dc7c10d8,0x00000000de580000)
Event: 45,708 GC heap after
Heap after GC invocations=16 (full 2):
 PSYoungGen      total 161792K, used 9510K [0x00000000f5500000, 0x0000000100000000, 0x0000000100000000)
  eden space 149504K, 0% used [0x00000000f5500000,0x00000000f5500000,0x00000000fe700000)
  from space 12288K, 77% used [0x00000000ff400000,0x00000000ffd49a08,0x0000000100000000)
  to   space 12800K, 0% used [0x00000000fe700000,0x00000000fe700000,0x00000000ff380000)
 ParOldGen       total 300544K, used 227681K [0x00000000e0000000, 0x00000000f2580000, 0x00000000f5500000)
  object space 300544K, 75% used [0x00000000e0000000,0x00000000ede58670,0x00000000f2580000)
 PSPermGen       total 56832K, used 26372K [0x00000000dae00000, 0x00000000de580000, 0x00000000e0000000)
  object space 56832K, 46% used [0x00000000dae00000,0x00000000dc7c10d8,0x00000000de580000)
}
Event: 45,708 GC heap before
{Heap before GC invocations=17 (full 3):
 PSYoungGen      total 161792K, used 9510K [0x00000000f5500000, 0x0000000100000000, 0x0000000100000000)
  eden space 149504K, 0% used [0x00000000f5500000,0x00000000f5500000,0x00000000fe700000)
  from space 12288K, 77% used [0x00000000ff400000,0x00000000ffd49a08,0x0000000100000000)
  to   space 12800K, 0% used [0x00000000fe700000,0x00000000fe700000,0x00000000ff380000)
 ParOldGen       total 300544K, used 227681K [0x00000000e0000000, 0x00000000f2580000, 0x00000000f5500000)
  object space 300544K, 75% used [0x00000000e0000000,0x00000000ede58670,0x00000000f2580000)
 PSPermGen       total 56832K, used 26372K [0x00000000dae00000, 0x00000000de580000, 0x00000000e0000000)
  object space 56832K, 46% used [0x00000000dae00000,0x00000000dc7c10d8,0x00000000de580000)
Event: 45,844 GC heap after
Heap after GC invocations=17 (full 3):
 PSYoungGen      total 161792K, used 0K [0x00000000f5500000, 0x0000000100000000, 0x0000000100000000)
  eden space 149504K, 0% used [0x00000000f5500000,0x00000000f5500000,0x00000000fe700000)
  from space 12288K, 0% used [0x00000000ff400000,0x00000000ff400000,0x0000000100000000)
  to   space 12800K, 0% used [0x00000000fe700000,0x00000000fe700000,0x00000000ff380000)
 ParOldGen       total 300544K, used 218608K [0x00000000e0000000, 0x00000000f2580000, 0x00000000f5500000)
  object space 300544K, 72% used [0x00000000e0000000,0x00000000ed57c2b8,0x00000000f2580000)
 PSPermGen       total 55296K, used 26371K [0x00000000dae00000, 0x00000000de400000, 0x00000000e0000000)
  object space 55296K, 47% used [0x00000000dae00000,0x00000000dc7c0dc8,0x00000000de400000)
}
Event: 70,409 GC heap before
{Heap before GC invocations=18 (full 3):
 PSYoungGen      total 161792K, used 149394K [0x00000000f5500000, 0x0000000100000000, 0x0000000100000000)
  eden space 149504K, 99% used [0x00000000f5500000,0x00000000fe6e49c0,0x00000000fe700000)
  from space 12288K, 0% used [0x00000000ff400000,0x00000000ff400000,0x0000000100000000)
  to   space 12800K, 0% used [0x00000000fe700000,0x00000000fe700000,0x00000000ff380000)
 ParOldGen       total 300544K, used 218608K [0x00000000e0000000, 0x00000000f2580000, 0x00000000f5500000)
  object space 300544K, 72% used [0x00000000e0000000,0x00000000ed57c2b8,0x00000000f2580000)
 PSPermGen       total 55296K, used 26390K [0x00000000dae00000, 0x00000000de400000, 0x00000000e0000000)
  object space 55296K, 47% used [0x00000000dae00000,0x00000000dc7c5ae8,0x00000000de400000)
Event: 70,414 GC heap after
Heap after GC invocations=18 (full 3):
 PSYoungGen      total 162304K, used 2396K [0x00000000f5500000, 0x0000000100000000, 0x0000000100000000)
  eden space 149504K, 0% used [0x00000000f5500000,0x00000000f5500000,0x00000000fe700000)
  from space 12800K, 18% used [0x00000000fe700000,0x00000000fe957340,0x00000000ff380000)
  to   space 12800K, 0% used [0x00000000ff380000,0x00000000ff380000,0x0000000100000000)
 ParOldGen       total 300544K, used 218608K [0x00000000e0000000, 0x00000000f2580000, 0x00000000f5500000)
  object space 300544K, 72% used [0x00000000e0000000,0x00000000ed57c2b8,0x00000000f2580000)
 PSPermGen       total 55296K, used 26390K [0x00000000dae00000, 0x00000000de400000, 0x00000000e0000000)
  object space 55296K, 47% used [0x00000000dae00000,0x00000000dc7c5ae8,0x00000000de400000)
}
Event: 94,726 GC heap before
{Heap before GC invocations=19 (full 3):
 PSYoungGen      total 162304K, used 150152K [0x00000000f5500000, 0x0000000100000000, 0x0000000100000000)
  eden space 149504K, 98% used [0x00000000f5500000,0x00000000fe54ad10,0x00000000fe700000)
  from space 12800K, 18% used [0x00000000fe700000,0x00000000fe957340,0x00000000ff380000)
  to   space 12800K, 0% used [0x00000000ff380000,0x00000000ff380000,0x0000000100000000)
 ParOldGen       total 300544K, used 218608K [0x00000000e0000000, 0x00000000f2580000, 0x00000000f5500000)
  object space 300544K, 72% used [0x00000000e0000000,0x00000000ed57c2b8,0x00000000f2580000)
 PSPermGen       total 55296K, used 26397K [0x00000000dae00000, 0x00000000de400000, 0x00000000e0000000)
  object space 55296K, 47% used [0x00000000dae00000,0x00000000dc7c74f0,0x00000000de400000)
Event: 94,733 GC heap after
Heap after GC invocations=19 (full 3):
 PSYoungGen      total 162304K, used 3444K [0x00000000f5500000, 0x0000000100000000, 0x0000000100000000)
  eden space 149504K, 0% used [0x00000000f5500000,0x00000000f5500000,0x00000000fe700000)
  from space 12800K, 26% used [0x00000000ff380000,0x00000000ff6dd078,0x0000000100000000)
  to   space 12800K, 0% used [0x00000000fe700000,0x00000000fe700000,0x00000000ff380000)
 ParOldGen       total 300544K, used 218608K [0x00000000e0000000, 0x00000000f2580000, 0x00000000f5500000)
  object space 300544K, 72% used [0x00000000e0000000,0x00000000ed57c2b8,0x00000000f2580000)
 PSPermGen       total 55296K, used 26397K [0x00000000dae00000, 0x00000000de400000, 0x00000000e0000000)
  object space 55296K, 47% used [0x00000000dae00000,0x00000000dc7c74f0,0x00000000de400000)
}
Event: 94,733 GC heap before
{Heap before GC invocations=20 (full 4):
 PSYoungGen      total 162304K, used 3444K [0x00000000f5500000, 0x0000000100000000, 0x0000000100000000)
  eden space 149504K, 0% used [0x00000000f5500000,0x00000000f5500000,0x00000000fe700000)
  from space 12800K, 26% used [0x00000000ff380000,0x00000000ff6dd078,0x0000000100000000)
  to   space 12800K, 0% used [0x00000000fe700000,0x00000000fe700000,0x00000000ff380000)
 ParOldGen       total 300544K, used 218608K [0x00000000e0000000, 0x00000000f2580000, 0x00000000f5500000)
  object space 300544K, 72% used [0x00000000e0000000,0x00000000ed57c2b8,0x00000000f2580000)
 PSPermGen       total 55296K, used 26397K [0x00000000dae00000, 0x00000000de400000, 0x00000000e0000000)
  object space 55296K, 47% used [0x00000000dae00000,0x00000000dc7c74f0,0x00000000de400000)
Event: 94,874 GC heap after
Heap after GC invocations=20 (full 4):
 PSYoungGen      total 162304K, used 0K [0x00000000f5500000, 0x0000000100000000, 0x0000000100000000)
  eden space 149504K, 0% used [0x00000000f5500000,0x00000000f5500000,0x00000000fe700000)
  from space 12800K, 0% used [0x00000000ff380000,0x00000000ff380000,0x0000000100000000)
  to   space 12800K, 0% used [0x00000000fe700000,0x00000000fe700000,0x00000000ff380000)
 ParOldGen       total 300544K, used 218610K [0x00000000e0000000, 0x00000000f2580000, 0x00000000f5500000)
  object space 300544K, 72% used [0x00000000e0000000,0x00000000ed57cb50,0x00000000f2580000)
 PSPermGen       total 53248K, used 26396K [0x00000000dae00000, 0x00000000de200000, 0x00000000e0000000)
  object space 53248K, 49% used [0x00000000dae00000,0x00000000dc7c73d0,0x00000000de200000)
}

