# JRE version: Java(TM) SE Runtime Environment (7.0_75-b13) (build 1.7.0_75-b13)
# Java VM: Java HotSpot(TM) 64-Bit Server VM (24.75-b04 mixed mode linux-amd64 compressed oops)
Heap
 PSYoungGen      total 166912K, used 98826K [0x00000000f5500000, 0x0000000100000000, 0x0000000100000000)
  eden space 159744K, 61% used [0x00000000f5500000,0x00000000fb5729f8,0x00000000ff100000)
  from space 7168K, 0% used [0x00000000ff100000,0x00000000ff110000,0x00000000ff800000)
  to   space 7168K, 0% used [0x00000000ff900000,0x00000000ff900000,0x0000000100000000)
 ParOldGen       total 276480K, used 211682K [0x00000000e0000000, 0x00000000f0e00000, 0x00000000f5500000)
  object space 276480K, 76% used [0x00000000e0000000,0x00000000eceb8828,0x00000000f0e00000)
 PSPermGen       total 56320K, used 25804K [0x00000000dae00000, 0x00000000de500000, 0x00000000e0000000)
  object space 56320K, 45% used [0x00000000dae00000,0x00000000dc733140,0x00000000de500000)
GC Heap History (10 events):
Event: 8,988 GC heap before
{Heap before GC invocations=17 (full 2):
 PSYoungGen      total 166400K, used 2397K [0x00000000f5500000, 0x0000000100000000, 0x0000000100000000)
  eden space 158720K, 0% used [0x00000000f5500000,0x00000000f5500000,0x00000000ff000000)
  from space 7680K, 31% used [0x00000000ff000000,0x00000000ff2576c8,0x00000000ff780000)
  to   space 7680K, 0% used [0x00000000ff880000,0x00000000ff880000,0x0000000100000000)
 ParOldGen       total 349184K, used 209417K [0x00000000e0000000, 0x00000000f5500000, 0x00000000f5500000)
  object space 349184K, 59% used [0x00000000e0000000,0x00000000ecc82488,0x00000000f5500000)
 PSPermGen       total 49152K, used 25527K [0x00000000dae00000, 0x00000000dde00000, 0x00000000e0000000)
  object space 49152K, 51% used [0x00000000dae00000,0x00000000dc6edef8,0x00000000dde00000)
Event: 9,065 GC heap after
Heap after GC invocations=17 (full 2):
 PSYoungGen      total 166400K, used 0K [0x00000000f5500000, 0x0000000100000000, 0x0000000100000000)
  eden space 158720K, 0% used [0x00000000f5500000,0x00000000f5500000,0x00000000ff000000)
  from space 7680K, 0% used [0x00000000ff000000,0x00000000ff000000,0x00000000ff780000)
  to   space 7680K, 0% used [0x00000000ff880000,0x00000000ff880000,0x0000000100000000)
 ParOldGen       total 71168K, used 6857K [0x00000000e0000000, 0x00000000e4580000, 0x00000000f5500000)
  object space 71168K, 9% used [0x00000000e0000000,0x00000000e06b27f8,0x00000000e4580000)
 PSPermGen       total 56320K, used 25526K [0x00000000dae00000, 0x00000000de500000, 0x00000000e0000000)
  object space 56320K, 45% used [0x00000000dae00000,0x00000000dc6edab0,0x00000000de500000)
}
Event: 9,549 GC heap before
{Heap before GC invocations=18 (full 2):
 PSYoungGen      total 166400K, used 158720K [0x00000000f5500000, 0x0000000100000000, 0x0000000100000000)
  eden space 158720K, 100% used [0x00000000f5500000,0x00000000ff000000,0x00000000ff000000)
  from space 7680K, 0% used [0x00000000ff000000,0x00000000ff000000,0x00000000ff780000)
  to   space 7680K, 0% used [0x00000000ff880000,0x00000000ff880000,0x0000000100000000)
 ParOldGen       total 276480K, used 211658K [0x00000000e0000000, 0x00000000f0e00000, 0x00000000f5500000)
  object space 276480K, 76% used [0x00000000e0000000,0x00000000eceb2808,0x00000000f0e00000)
 PSPermGen       total 56320K, used 25532K [0x00000000dae00000, 0x00000000de500000, 0x00000000e0000000)
  object space 56320K, 45% used [0x00000000dae00000,0x00000000dc6ef0e0,0x00000000de500000)
Event: 9,552 GC heap after
Heap after GC invocations=18 (full 2):
 PSYoungGen      total 167424K, used 64K [0x00000000f5500000, 0x0000000100000000, 0x0000000100000000)
  eden space 159744K, 0% used [0x00000000f5500000,0x00000000f5500000,0x00000000ff100000)
  from space 7680K, 0% used [0x00000000ff880000,0x00000000ff890000,0x0000000100000000)
  to   space 7680K, 0% used [0x00000000ff100000,0x00000000ff100000,0x00000000ff880000)
 ParOldGen       total 276480K, used 211658K [0x00000000e0000000, 0x00000000f0e00000, 0x00000000f5500000)
  object space 276480K, 76% used [0x00000000e0000000,0x00000000eceb2808,0x00000000f0e00000)
 PSPermGen       total 56320K, used 25532K [0x00000000dae00000, 0x00000000de500000, 0x00000000e0000000)
  object space 56320K, 45% used [0x00000000dae00000,0x00000000dc6ef0e0,0x00000000de500000)
}
Event: 9,806 GC heap before
{Heap before GC invocations=19 (full 2):
 PSYoungGen      total 167424K, used 159808K [0x00000000f5500000, 0x0000000100000000, 0x0000000100000000)
  eden space 159744K, 100% used [0x00000000f5500000,0x00000000ff100000,0x00000000ff100000)
  from space 7680K, 0% used [0x00000000ff880000,0x00000000ff890000,0x0000000100000000)
  to   space 7680K, 0% used [0x00000000ff100000,0x00000000ff100000,0x00000000ff880000)
 ParOldGen       total 276480K, used 211658K [0x00000000e0000000, 0x00000000f0e00000, 0x00000000f5500000)
  object space 276480K, 76% used [0x00000000e0000000,0x00000000eceb2808,0x00000000f0e00000)
 PSPermGen       total 56320K, used 25532K [0x00000000dae00000, 0x00000000de500000, 0x00000000e0000000)
  object space 56320K, 45% used [0x00000000dae00000,0x00000000dc6ef0e0,0x00000000de500000)
Event: 9,808 GC heap after
Heap after GC invocations=19 (full 2):
 PSYoungGen      total 160256K, used 32K [0x00000000f5500000, 0x00000000fff00000, 0x0000000100000000)
  eden space 159744K, 0% used [0x00000000f5500000,0x00000000f5500000,0x00000000ff100000)
  from space 512K, 6% used [0x00000000ff100000,0x00000000ff108000,0x00000000ff180000)
  to   space 7168K, 0% used [0x00000000ff800000,0x00000000ff800000,0x00000000fff00000)
 ParOldGen       total 276480K, used 211658K [0x00000000e0000000, 0x00000000f0e00000, 0x00000000f5500000)
  object space 276480K, 76% used [0x00000000e0000000,0x00000000eceb2808,0x00000000f0e00000)
 PSPermGen       total 56320K, used 25532K [0x00000000dae00000, 0x00000000de500000, 0x00000000e0000000)
  object space 56320K, 45% used [0x00000000dae00000,0x00000000dc6ef0e0,0x00000000de500000)
}
Event: 10,043 GC heap before
{Heap before GC invocations=20 (full 2):
 PSYoungGen      total 160256K, used 159776K [0x00000000f5500000, 0x00000000fff00000, 0x0000000100000000)
  eden space 159744K, 100% used [0x00000000f5500000,0x00000000ff100000,0x00000000ff100000)
  from space 512K, 6% used [0x00000000ff100000,0x00000000ff108000,0x00000000ff180000)
  to   space 7168K, 0% used [0x00000000ff800000,0x00000000ff800000,0x00000000fff00000)
 ParOldGen       total 276480K, used 211658K [0x00000000e0000000, 0x00000000f0e00000, 0x00000000f5500000)
  object space 276480K, 76% used [0x00000000e0000000,0x00000000eceb2808,0x00000000f0e00000)
 PSPermGen       total 56320K, used 25532K [0x00000000dae00000, 0x00000000de500000, 0x00000000e0000000)
  object space 56320K, 45% used [0x00000000dae00000,0x00000000dc6ef0e0,0x00000000de500000)
Event: 10,046 GC heap after
Heap after GC invocations=20 (full 2):
 PSYoungGen      total 166912K, used 64K [0x00000000f5500000, 0x0000000100000000, 0x0000000100000000)
  eden space 159744K, 0% used [0x00000000f5500000,0x00000000f5500000,0x00000000ff100000)
  from space 7168K, 0% used [0x00000000ff800000,0x00000000ff810000,0x00000000fff00000)
  to   space 7168K, 0% used [0x00000000ff100000,0x00000000ff100000,0x00000000ff800000)
 ParOldGen       total 276480K, used 211658K [0x00000000e0000000, 0x00000000f0e00000, 0x00000000f5500000)
  object space 276480K, 76% used [0x00000000e0000000,0x00000000eceb2808,0x00000000f0e00000)
 PSPermGen       total 56320K, used 25532K [0x00000000dae00000, 0x00000000de500000, 0x00000000e0000000)
  object space 56320K, 45% used [0x00000000dae00000,0x00000000dc6ef0e0,0x00000000de500000)
}
Event: 10,273 GC heap before
{Heap before GC invocations=21 (full 2):
 PSYoungGen      total 166912K, used 159808K [0x00000000f5500000, 0x0000000100000000, 0x0000000100000000)
  eden space 159744K, 100% used [0x00000000f5500000,0x00000000ff100000,0x00000000ff100000)
  from space 7168K, 0% used [0x00000000ff800000,0x00000000ff810000,0x00000000fff00000)
  to   space 7168K, 0% used [0x00000000ff100000,0x00000000ff100000,0x00000000ff800000)
 ParOldGen       total 276480K, used 211658K [0x00000000e0000000, 0x00000000f0e00000, 0x00000000f5500000)
  object space 276480K, 76% used [0x00000000e0000000,0x00000000eceb2808,0x00000000f0e00000)
 PSPermGen       total 56320K, used 25532K [0x00000000dae00000, 0x00000000de500000, 0x00000000e0000000)
  object space 56320K, 45% used [0x00000000dae00000,0x00000000dc6ef0e0,0x00000000de500000)
Event: 10,275 GC heap after
Heap after GC invocations=21 (full 2):
 PSYoungGen      total 166912K, used 64K [0x00000000f5500000, 0x0000000100000000, 0x0000000100000000)
  eden space 159744K, 0% used [0x00000000f5500000,0x00000000f5500000,0x00000000ff100000)
  from space 7168K, 0% used [0x00000000ff100000,0x00000000ff110000,0x00000000ff800000)
  to   space 7168K, 0% used [0x00000000ff900000,0x00000000ff900000,0x0000000100000000)
 ParOldGen       total 276480K, used 211682K [0x00000000e0000000, 0x00000000f0e00000, 0x00000000f5500000)
  object space 276480K, 76% used [0x00000000e0000000,0x00000000eceb8828,0x00000000f0e00000)
 PSPermGen       total 56320K, used 25532K [0x00000000dae00000, 0x00000000de500000, 0x00000000e0000000)
  object space 56320K, 45% used [0x00000000dae00000,0x00000000dc6ef0e0,0x00000000de500000)
}

