# JRE version: Java(TM) SE Runtime Environment (7.0_75-b13) (build 1.7.0_75-b13)
# Java VM: Java HotSpot(TM) 64-Bit Server VM (24.75-b04 mixed mode linux-amd64 compressed oops)
Heap
 PSYoungGen      total 165888K, used 55017K [0x00000000f5500000, 0x00000000fff00000, 0x0000000100000000)
  eden space 157696K, 34% used [0x00000000f5500000,0x00000000f8aba608,0x00000000fef00000)
  from space 8192K, 0% used [0x00000000ff700000,0x00000000ff700000,0x00000000fff00000)
  to   space 8192K, 0% used [0x00000000fef00000,0x00000000fef00000,0x00000000ff700000)
 ParOldGen       total 252416K, used 211772K [0x00000000e0000000, 0x00000000ef680000, 0x00000000f5500000)
  object space 252416K, 83% used [0x00000000e0000000,0x00000000ececf318,0x00000000ef680000)
 PSPermGen       total 51712K, used 26282K [0x00000000dae00000, 0x00000000de080000, 0x00000000e0000000)
  object space 51712K, 50% used [0x00000000dae00000,0x00000000dc7aaa18,0x00000000de080000)
GC Heap History (10 events):
Event: 2,701 GC heap before
{Heap before GC invocations=7 (full 0):
 PSYoungGen      total 54784K, used 53745K [0x00000000f5500000, 0x00000000f9000000, 0x0000000100000000)
  eden space 49152K, 100% used [0x00000000f5500000,0x00000000f8500000,0x00000000f8500000)
  from space 5632K, 81% used [0x00000000f8a80000,0x00000000f8efc6b8,0x00000000f9000000)
  to   space 5632K, 0% used [0x00000000f8500000,0x00000000f8500000,0x00000000f8a80000)
 ParOldGen       total 31744K, used 7974K [0x00000000e0000000, 0x00000000e1f00000, 0x00000000f5500000)
  object space 31744K, 25% used [0x00000000e0000000,0x00000000e07c9850,0x00000000e1f00000)
 PSPermGen       total 21504K, used 20967K [0x00000000dae00000, 0x00000000dc300000, 0x00000000e0000000)
  object space 21504K, 97% used [0x00000000dae00000,0x00000000dc279d18,0x00000000dc300000)
Event: 2,715 GC heap after
Heap after GC invocations=7 (full 0):
 PSYoungGen      total 54784K, used 5623K [0x00000000f5500000, 0x00000000fc300000, 0x0000000100000000)
  eden space 49152K, 0% used [0x00000000f5500000,0x00000000f5500000,0x00000000f8500000)
  from space 5632K, 99% used [0x00000000f8500000,0x00000000f8a7ded8,0x00000000f8a80000)
  to   space 7168K, 0% used [0x00000000fbc00000,0x00000000fbc00000,0x00000000fc300000)
 ParOldGen       total 31744K, used 9246K [0x00000000e0000000, 0x00000000e1f00000, 0x00000000f5500000)
  object space 31744K, 29% used [0x00000000e0000000,0x00000000e0907b48,0x00000000e1f00000)
 PSPermGen       total 21504K, used 20967K [0x00000000dae00000, 0x00000000dc300000, 0x00000000e0000000)
  object space 21504K, 97% used [0x00000000dae00000,0x00000000dc279d18,0x00000000dc300000)
}
Event: 3,712 GC heap before
{Heap before GC invocations=8 (full 0):
 PSYoungGen      total 54784K, used 54775K [0x00000000f5500000, 0x00000000fc300000, 0x0000000100000000)
  eden space 49152K, 100% used [0x00000000f5500000,0x00000000f8500000,0x00000000f8500000)
  from space 5632K, 99% used [0x00000000f8500000,0x00000000f8a7ded8,0x00000000f8a80000)
  to   space 7168K, 0% used [0x00000000fbc00000,0x00000000fbc00000,0x00000000fc300000)
 ParOldGen       total 31744K, used 9246K [0x00000000e0000000, 0x00000000e1f00000, 0x00000000f5500000)
  object space 31744K, 29% used [0x00000000e0000000,0x00000000e0907b48,0x00000000e1f00000)
 PSPermGen       total 24064K, used 23893K [0x00000000dae00000, 0x00000000dc580000, 0x00000000e0000000)
  object space 24064K, 99% used [0x00000000dae00000,0x00000000dc5555b8,0x00000000dc580000)
Event: 3,725 GC heap after
Heap after GC invocations=8 (full 0):
 PSYoungGen      total 105472K, used 5253K [0x00000000f5500000, 0x00000000fc300000, 0x0000000100000000)
  eden space 98304K, 0% used [0x00000000f5500000,0x00000000f5500000,0x00000000fb500000)
  from space 7168K, 73% used [0x00000000fbc00000,0x00000000fc121480,0x00000000fc300000)
  to   space 7168K, 0% used [0x00000000fb500000,0x00000000fb500000,0x00000000fbc00000)
 ParOldGen       total 31744K, used 9638K [0x00000000e0000000, 0x00000000e1f00000, 0x00000000f5500000)
  object space 31744K, 30% used [0x00000000e0000000,0x00000000e0969b48,0x00000000e1f00000)
 PSPermGen       total 24064K, used 23893K [0x00000000dae00000, 0x00000000dc580000, 0x00000000e0000000)
  object space 24064K, 99% used [0x00000000dae00000,0x00000000dc5555b8,0x00000000dc580000)
}
Event: 4,710 GC heap before
{Heap before GC invocations=9 (full 0):
 PSYoungGen      total 105472K, used 103557K [0x00000000f5500000, 0x00000000fc300000, 0x0000000100000000)
  eden space 98304K, 100% used [0x00000000f5500000,0x00000000fb500000,0x00000000fb500000)
  from space 7168K, 73% used [0x00000000fbc00000,0x00000000fc121480,0x00000000fc300000)
  to   space 7168K, 0% used [0x00000000fb500000,0x00000000fb500000,0x00000000fbc00000)
 ParOldGen       total 237056K, used 214438K [0x00000000e0000000, 0x00000000ee780000, 0x00000000f5500000)
  object space 237056K, 90% used [0x00000000e0000000,0x00000000ed169b58,0x00000000ee780000)
 PSPermGen       total 25088K, used 24907K [0x00000000dae00000, 0x00000000dc680000, 0x00000000e0000000)
  object space 25088K, 99% used [0x00000000dae00000,0x00000000dc652da8,0x00000000dc680000)
Event: 4,722 GC heap after
Heap after GC invocations=9 (full 0):
 PSYoungGen      total 105472K, used 6878K [0x00000000f5500000, 0x00000000fff00000, 0x0000000100000000)
  eden space 98304K, 0% used [0x00000000f5500000,0x00000000f5500000,0x00000000fb500000)
  from space 7168K, 95% used [0x00000000fb500000,0x00000000fbbb7898,0x00000000fbc00000)
  to   space 8192K, 0% used [0x00000000ff700000,0x00000000ff700000,0x00000000fff00000)
 ParOldGen       total 237056K, used 215300K [0x00000000e0000000, 0x00000000ee780000, 0x00000000f5500000)
  object space 237056K, 90% used [0x00000000e0000000,0x00000000ed241368,0x00000000ee780000)
 PSPermGen       total 25088K, used 24907K [0x00000000dae00000, 0x00000000dc680000, 0x00000000e0000000)
  object space 25088K, 99% used [0x00000000dae00000,0x00000000dc652da8,0x00000000dc680000)
}
Event: 5,967 GC heap before
{Heap before GC invocations=10 (full 0):
 PSYoungGen      total 105472K, used 105182K [0x00000000f5500000, 0x00000000fff00000, 0x0000000100000000)
  eden space 98304K, 100% used [0x00000000f5500000,0x00000000fb500000,0x00000000fb500000)
  from space 7168K, 95% used [0x00000000fb500000,0x00000000fbbb7898,0x00000000fbc00000)
  to   space 8192K, 0% used [0x00000000ff700000,0x00000000ff700000,0x00000000fff00000)
 ParOldGen       total 237056K, used 215300K [0x00000000e0000000, 0x00000000ee780000, 0x00000000f5500000)
  object space 237056K, 90% used [0x00000000e0000000,0x00000000ed241368,0x00000000ee780000)
 PSPermGen       total 26112K, used 25626K [0x00000000dae00000, 0x00000000dc780000, 0x00000000e0000000)
  object space 26112K, 98% used [0x00000000dae00000,0x00000000dc7069d0,0x00000000dc780000)
Event: 5,974 GC heap after
Heap after GC invocations=10 (full 0):
 PSYoungGen      total 165888K, used 2370K [0x00000000f5500000, 0x00000000fff00000, 0x0000000100000000)
  eden space 157696K, 0% used [0x00000000f5500000,0x00000000f5500000,0x00000000fef00000)
  from space 8192K, 28% used [0x00000000ff700000,0x00000000ff950b50,0x00000000fff00000)
  to   space 8192K, 0% used [0x00000000fef00000,0x00000000fef00000,0x00000000ff700000)
 ParOldGen       total 237056K, used 217151K [0x00000000e0000000, 0x00000000ee780000, 0x00000000f5500000)
  object space 237056K, 91% used [0x00000000e0000000,0x00000000ed40fe28,0x00000000ee780000)
 PSPermGen       total 26112K, used 25626K [0x00000000dae00000, 0x00000000dc780000, 0x00000000e0000000)
  object space 26112K, 98% used [0x00000000dae00000,0x00000000dc7069d0,0x00000000dc780000)
}
Event: 5,974 GC heap before
{Heap before GC invocations=11 (full 1):
 PSYoungGen      total 165888K, used 2370K [0x00000000f5500000, 0x00000000fff00000, 0x0000000100000000)
  eden space 157696K, 0% used [0x00000000f5500000,0x00000000f5500000,0x00000000fef00000)
  from space 8192K, 28% used [0x00000000ff700000,0x00000000ff950b50,0x00000000fff00000)
  to   space 8192K, 0% used [0x00000000fef00000,0x00000000fef00000,0x00000000ff700000)
 ParOldGen       total 237056K, used 217151K [0x00000000e0000000, 0x00000000ee780000, 0x00000000f5500000)
  object space 237056K, 91% used [0x00000000e0000000,0x00000000ed40fe28,0x00000000ee780000)
 PSPermGen       total 26112K, used 25626K [0x00000000dae00000, 0x00000000dc780000, 0x00000000e0000000)
  object space 26112K, 98% used [0x00000000dae00000,0x00000000dc7069d0,0x00000000dc780000)
Event: 6,075 GC heap after
Heap after GC invocations=11 (full 1):
 PSYoungGen      total 165888K, used 0K [0x00000000f5500000, 0x00000000fff00000, 0x0000000100000000)
  eden space 157696K, 0% used [0x00000000f5500000,0x00000000f5500000,0x00000000fef00000)
  from space 8192K, 0% used [0x00000000ff700000,0x00000000ff700000,0x00000000fff00000)
  to   space 8192K, 0% used [0x00000000fef00000,0x00000000fef00000,0x00000000ff700000)
 ParOldGen       total 47104K, used 6972K [0x00000000e0000000, 0x00000000e2e00000, 0x00000000f5500000)
  object space 47104K, 14% used [0x00000000e0000000,0x00000000e06cf308,0x00000000e2e00000)
 PSPermGen       total 51712K, used 25610K [0x00000000dae00000, 0x00000000de080000, 0x00000000e0000000)
  object space 51712K, 49% used [0x00000000dae00000,0x00000000dc702a38,0x00000000de080000)
}

